<?xml version="1.0" encoding="UTF-8"?>
<testsuite xmlns:xsi="http://www.w3.org/2001/XMLSchema-instance" xsi:noNamespaceSchemaLocation="https://maven.apache.org/surefire/maven-surefire-plugin/xsd/surefire-test-report.xsd" name="com.cloud.cloudconfig.ConfigServerApplicationTests" time="2.935" tests="1" errors="0" skipped="0" failures="0">
  <properties>
    <property name="gopherProxySet" value="false"/>
    <property name="awt.toolkit" value="sun.lwawt.macosx.LWCToolkit"/>
    <property name="java.specification.version" value="11"/>
    <property name="sun.cpu.isalist" value=""/>
    <property name="sun.jnu.encoding" value="UTF-8"/>
    <property name="java.class.path" value="/Users/sashankasamantray/my_projects/backend/spring-cloud-config/cloudconfig/config-server/target/test-classes:/Users/sashankasamantray/my_projects/backend/spring-cloud-config/cloudconfig/config-server/target/classes:/Users/sashankasamantray/mavenrepo_local/org/springframework/boot/spring-boot-starter-actuator/2.6.7/spring-boot-starter-actuator-2.6.7.jar:/Users/sashankasamantray/mavenrepo_local/org/springframework/boot/spring-boot-starter/2.6.7/spring-boot-starter-2.6.7.jar:/Users/sashankasamantray/mavenrepo_local/org/springframework/boot/spring-boot-starter-logging/2.6.7/spring-boot-starter-logging-2.6.7.jar:/Users/sashankasamantray/mavenrepo_local/ch/qos/logback/logback-classic/1.2.11/logback-classic-1.2.11.jar:/Users/sashankasamantray/mavenrepo_local/ch/qos/logback/logback-core/1.2.11/logback-core-1.2.11.jar:/Users/sashankasamantray/mavenrepo_local/org/apache/logging/log4j/log4j-to-slf4j/2.17.2/log4j-to-slf4j-2.17.2.jar:/Users/sashankasamantray/mavenrepo_local/org/apache/logging/log4j/log4j-api/2.17.2/log4j-api-2.17.2.jar:/Users/sashankasamantray/mavenrepo_local/org/slf4j/jul-to-slf4j/1.7.36/jul-to-slf4j-1.7.36.jar:/Users/sashankasamantray/mavenrepo_local/jakarta/annotation/jakarta.annotation-api/1.3.5/jakarta.annotation-api-1.3.5.jar:/Users/sashankasamantray/mavenrepo_local/org/springframework/boot/spring-boot-actuator-autoconfigure/2.6.7/spring-boot-actuator-autoconfigure-2.6.7.jar:/Users/sashankasamantray/mavenrepo_local/org/springframework/boot/spring-boot-actuator/2.6.7/spring-boot-actuator-2.6.7.jar:/Users/sashankasamantray/mavenrepo_local/com/fasterxml/jackson/core/jackson-databind/2.13.2.1/jackson-databind-2.13.2.1.jar:/Users/sashankasamantray/mavenrepo_local/com/fasterxml/jackson/datatype/jackson-datatype-jsr310/2.13.2/jackson-datatype-jsr310-2.13.2.jar:/Users/sashankasamantray/mavenrepo_local/io/micrometer/micrometer-core/1.8.5/micrometer-core-1.8.5.jar:/Users/sashankasamantray/mavenrepo_local/org/hdrhistogram/HdrHistogram/2.1.12/HdrHistogram-2.1.12.jar:/Users/sashankasamantray/mavenrepo_local/org/latencyutils/LatencyUtils/2.0.3/LatencyUtils-2.0.3.jar:/Users/sashankasamantray/mavenrepo_local/org/springframework/cloud/spring-cloud-config-server/3.1.2/spring-cloud-config-server-3.1.2.jar:/Users/sashankasamantray/mavenrepo_local/org/springframework/cloud/spring-cloud-config-client/3.1.2/spring-cloud-config-client-3.1.2.jar:/Users/sashankasamantray/mavenrepo_local/org/springframework/cloud/spring-cloud-commons/3.1.2/spring-cloud-commons-3.1.2.jar:/Users/sashankasamantray/mavenrepo_local/org/springframework/cloud/spring-cloud-context/3.1.2/spring-cloud-context-3.1.2.jar:/Users/sashankasamantray/mavenrepo_local/org/springframework/spring-web/5.3.19/spring-web-5.3.19.jar:/Users/sashankasamantray/mavenrepo_local/org/springframework/spring-beans/5.3.19/spring-beans-5.3.19.jar:/Users/sashankasamantray/mavenrepo_local/com/fasterxml/jackson/core/jackson-annotations/2.13.2/jackson-annotations-2.13.2.jar:/Users/sashankasamantray/mavenrepo_local/org/apache/httpcomponents/httpclient/4.5.13/httpclient-4.5.13.jar:/Users/sashankasamantray/mavenrepo_local/commons-codec/commons-codec/1.15/commons-codec-1.15.jar:/Users/sashankasamantray/mavenrepo_local/org/springframework/boot/spring-boot-starter-web/2.6.7/spring-boot-starter-web-2.6.7.jar:/Users/sashankasamantray/mavenrepo_local/org/springframework/boot/spring-boot-starter-json/2.6.7/spring-boot-starter-json-2.6.7.jar:/Users/sashankasamantray/mavenrepo_local/com/fasterxml/jackson/datatype/jackson-datatype-jdk8/2.13.2/jackson-datatype-jdk8-2.13.2.jar:/Users/sashankasamantray/mavenrepo_local/com/fasterxml/jackson/module/jackson-module-parameter-names/2.13.2/jackson-module-parameter-names-2.13.2.jar:/Users/sashankasamantray/mavenrepo_local/org/springframework/boot/spring-boot-starter-tomcat/2.6.7/spring-boot-starter-tomcat-2.6.7.jar:/Users/sashankasamantray/mavenrepo_local/org/apache/tomcat/embed/tomcat-embed-core/9.0.62/tomcat-embed-core-9.0.62.jar:/Users/sashankasamantray/mavenrepo_local/org/apache/tomcat/embed/tomcat-embed-websocket/9.0.62/tomcat-embed-websocket-9.0.62.jar:/Users/sashankasamantray/mavenrepo_local/org/springframework/spring-webmvc/5.3.19/spring-webmvc-5.3.19.jar:/Users/sashankasamantray/mavenrepo_local/org/springframework/spring-aop/5.3.19/spring-aop-5.3.19.jar:/Users/sashankasamantray/mavenrepo_local/org/springframework/spring-expression/5.3.19/spring-expression-5.3.19.jar:/Users/sashankasamantray/mavenrepo_local/org/springframework/boot/spring-boot-starter-validation/2.6.7/spring-boot-starter-validation-2.6.7.jar:/Users/sashankasamantray/mavenrepo_local/org/apache/tomcat/embed/tomcat-embed-el/9.0.62/tomcat-embed-el-9.0.62.jar:/Users/sashankasamantray/mavenrepo_local/org/hibernate/validator/hibernate-validator/6.2.3.Final/hibernate-validator-6.2.3.Final.jar:/Users/sashankasamantray/mavenrepo_local/jakarta/validation/jakarta.validation-api/2.0.2/jakarta.validation-api-2.0.2.jar:/Users/sashankasamantray/mavenrepo_local/org/jboss/logging/jboss-logging/3.4.3.Final/jboss-logging-3.4.3.Final.jar:/Users/sashankasamantray/mavenrepo_local/com/fasterxml/classmate/1.5.1/classmate-1.5.1.jar:/Users/sashankasamantray/mavenrepo_local/org/springframework/security/spring-security-crypto/5.6.3/spring-security-crypto-5.6.3.jar:/Users/sashankasamantray/mavenrepo_local/org/springframework/security/spring-security-rsa/1.0.10.RELEASE/spring-security-rsa-1.0.10.RELEASE.jar:/Users/sashankasamantray/mavenrepo_local/org/bouncycastle/bcpkix-jdk15on/1.68/bcpkix-jdk15on-1.68.jar:/Users/sashankasamantray/mavenrepo_local/org/bouncycastle/bcprov-jdk15on/1.68/bcprov-jdk15on-1.68.jar:/Users/sashankasamantray/mavenrepo_local/org/eclipse/jgit/org.eclipse.jgit/5.12.0.202106070339-r/org.eclipse.jgit-5.12.0.202106070339-r.jar:/Users/sashankasamantray/mavenrepo_local/com/googlecode/javaewah/JavaEWAH/1.1.7/JavaEWAH-1.1.7.jar:/Users/sashankasamantray/mavenrepo_local/org/slf4j/slf4j-api/1.7.36/slf4j-api-1.7.36.jar:/Users/sashankasamantray/mavenrepo_local/org/eclipse/jgit/org.eclipse.jgit.http.apache/5.12.0.202106070339-r/org.eclipse.jgit.http.apache-5.12.0.202106070339-r.jar:/Users/sashankasamantray/mavenrepo_local/org/apache/httpcomponents/httpcore/4.4.15/httpcore-4.4.15.jar:/Users/sashankasamantray/mavenrepo_local/org/eclipse/jgit/org.eclipse.jgit.ssh.jsch/5.12.0.202106070339-r/org.eclipse.jgit.ssh.jsch-5.12.0.202106070339-r.jar:/Users/sashankasamantray/mavenrepo_local/com/jcraft/jsch/0.1.55/jsch-0.1.55.jar:/Users/sashankasamantray/mavenrepo_local/com/jcraft/jzlib/1.1.1/jzlib-1.1.1.jar:/Users/sashankasamantray/mavenrepo_local/org/yaml/snakeyaml/1.29/snakeyaml-1.29.jar:/Users/sashankasamantray/mavenrepo_local/com/fasterxml/jackson/dataformat/jackson-dataformat-yaml/2.13.2/jackson-dataformat-yaml-2.13.2.jar:/Users/sashankasamantray/mavenrepo_local/com/fasterxml/jackson/core/jackson-core/2.13.2/jackson-core-2.13.2.jar:/Users/sashankasamantray/mavenrepo_local/org/springframework/boot/spring-boot-devtools/2.6.7/spring-boot-devtools-2.6.7.jar:/Users/sashankasamantray/mavenrepo_local/org/springframework/boot/spring-boot/2.6.7/spring-boot-2.6.7.jar:/Users/sashankasamantray/mavenrepo_local/org/springframework/spring-context/5.3.19/spring-context-5.3.19.jar:/Users/sashankasamantray/mavenrepo_local/org/springframework/boot/spring-boot-autoconfigure/2.6.7/spring-boot-autoconfigure-2.6.7.jar:/Users/sashankasamantray/mavenrepo_local/org/projectlombok/lombok/1.18.24/lombok-1.18.24.jar:/Users/sashankasamantray/mavenrepo_local/org/springframework/boot/spring-boot-starter-test/2.6.7/spring-boot-starter-test-2.6.7.jar:/Users/sashankasamantray/mavenrepo_local/org/springframework/boot/spring-boot-test/2.6.7/spring-boot-test-2.6.7.jar:/Users/sashankasamantray/mavenrepo_local/org/springframework/boot/spring-boot-test-autoconfigure/2.6.7/spring-boot-test-autoconfigure-2.6.7.jar:/Users/sashankasamantray/mavenrepo_local/com/jayway/jsonpath/json-path/2.6.0/json-path-2.6.0.jar:/Users/sashankasamantray/mavenrepo_local/net/minidev/json-smart/2.4.8/json-smart-2.4.8.jar:/Users/sashankasamantray/mavenrepo_local/net/minidev/accessors-smart/2.4.8/accessors-smart-2.4.8.jar:/Users/sashankasamantray/mavenrepo_local/org/ow2/asm/asm/9.1/asm-9.1.jar:/Users/sashankasamantray/mavenrepo_local/jakarta/xml/bind/jakarta.xml.bind-api/2.3.3/jakarta.xml.bind-api-2.3.3.jar:/Users/sashankasamantray/mavenrepo_local/jakarta/activation/jakarta.activation-api/1.2.2/jakarta.activation-api-1.2.2.jar:/Users/sashankasamantray/mavenrepo_local/org/assertj/assertj-core/3.21.0/assertj-core-3.21.0.jar:/Users/sashankasamantray/mavenrepo_local/org/hamcrest/hamcrest/2.2/hamcrest-2.2.jar:/Users/sashankasamantray/mavenrepo_local/org/junit/jupiter/junit-jupiter/5.8.2/junit-jupiter-5.8.2.jar:/Users/sashankasamantray/mavenrepo_local/org/junit/jupiter/junit-jupiter-api/5.8.2/junit-jupiter-api-5.8.2.jar:/Users/sashankasamantray/mavenrepo_local/org/opentest4j/opentest4j/1.2.0/opentest4j-1.2.0.jar:/Users/sashankasamantray/mavenrepo_local/org/junit/platform/junit-platform-commons/1.8.2/junit-platform-commons-1.8.2.jar:/Users/sashankasamantray/mavenrepo_local/org/apiguardian/apiguardian-api/1.1.2/apiguardian-api-1.1.2.jar:/Users/sashankasamantray/mavenrepo_local/org/junit/jupiter/junit-jupiter-params/5.8.2/junit-jupiter-params-5.8.2.jar:/Users/sashankasamantray/mavenrepo_local/org/junit/jupiter/junit-jupiter-engine/5.8.2/junit-jupiter-engine-5.8.2.jar:/Users/sashankasamantray/mavenrepo_local/org/junit/platform/junit-platform-engine/1.8.2/junit-platform-engine-1.8.2.jar:/Users/sashankasamantray/mavenrepo_local/org/mockito/mockito-core/4.0.0/mockito-core-4.0.0.jar:/Users/sashankasamantray/mavenrepo_local/net/bytebuddy/byte-buddy/1.11.22/byte-buddy-1.11.22.jar:/Users/sashankasamantray/mavenrepo_local/net/bytebuddy/byte-buddy-agent/1.11.22/byte-buddy-agent-1.11.22.jar:/Users/sashankasamantray/mavenrepo_local/org/objenesis/objenesis/3.2/objenesis-3.2.jar:/Users/sashankasamantray/mavenrepo_local/org/mockito/mockito-junit-jupiter/4.0.0/mockito-junit-jupiter-4.0.0.jar:/Users/sashankasamantray/mavenrepo_local/org/skyscreamer/jsonassert/1.5.0/jsonassert-1.5.0.jar:/Users/sashankasamantray/mavenrepo_local/com/vaadin/external/google/android-json/0.0.20131108.vaadin1/android-json-0.0.20131108.vaadin1.jar:/Users/sashankasamantray/mavenrepo_local/org/springframework/spring-core/5.3.19/spring-core-5.3.19.jar:/Users/sashankasamantray/mavenrepo_local/org/springframework/spring-jcl/5.3.19/spring-jcl-5.3.19.jar:/Users/sashankasamantray/mavenrepo_local/org/springframework/spring-test/5.3.19/spring-test-5.3.19.jar:/Users/sashankasamantray/mavenrepo_local/org/xmlunit/xmlunit-core/2.8.4/xmlunit-core-2.8.4.jar:"/>
    <property name="java.vm.vendor" value="Oracle Corporation"/>
    <property name="sun.arch.data.model" value="64"/>
    <property name="java.vendor.url" value="http://java.oracle.com/"/>
    <property name="user.timezone" value=""/>
    <property name="java.vm.specification.version" value="11"/>
    <property name="os.name" value="Mac OS X"/>
    <property name="sun.java.launcher" value="SUN_STANDARD"/>
    <property name="user.country" value="GB"/>
    <property name="sun.boot.library.path" value="/Library/Java/JavaVirtualMachines/jdk-11.0.5.jdk/Contents/Home/lib"/>
    <property name="sun.java.command" value="/Users/sashankasamantray/my_projects/backend/spring-cloud-config/cloudconfig/config-server/target/surefire/surefirebooter6694490980994617157.jar /Users/sashankasamantray/my_projects/backend/spring-cloud-config/cloudconfig/config-server/target/surefire 2022-05-08T13-52-10_337-jvmRun1 surefire9966532510537701850tmp surefire_0383796094334026171tmp"/>
    <property name="http.nonProxyHosts" value="local|*.local|169.254/16|*.169.254/16"/>
    <property name="jdk.debug" value="release"/>
    <property name="surefire.test.class.path" value="/Users/sashankasamantray/my_projects/backend/spring-cloud-config/cloudconfig/config-server/target/test-classes:/Users/sashankasamantray/my_projects/backend/spring-cloud-config/cloudconfig/config-server/target/classes:/Users/sashankasamantray/mavenrepo_local/org/springframework/boot/spring-boot-starter-actuator/2.6.7/spring-boot-starter-actuator-2.6.7.jar:/Users/sashankasamantray/mavenrepo_local/org/springframework/boot/spring-boot-starter/2.6.7/spring-boot-starter-2.6.7.jar:/Users/sashankasamantray/mavenrepo_local/org/springframework/boot/spring-boot-starter-logging/2.6.7/spring-boot-starter-logging-2.6.7.jar:/Users/sashankasamantray/mavenrepo_local/ch/qos/logback/logback-classic/1.2.11/logback-classic-1.2.11.jar:/Users/sashankasamantray/mavenrepo_local/ch/qos/logback/logback-core/1.2.11/logback-core-1.2.11.jar:/Users/sashankasamantray/mavenrepo_local/org/apache/logging/log4j/log4j-to-slf4j/2.17.2/log4j-to-slf4j-2.17.2.jar:/Users/sashankasamantray/mavenrepo_local/org/apache/logging/log4j/log4j-api/2.17.2/log4j-api-2.17.2.jar:/Users/sashankasamantray/mavenrepo_local/org/slf4j/jul-to-slf4j/1.7.36/jul-to-slf4j-1.7.36.jar:/Users/sashankasamantray/mavenrepo_local/jakarta/annotation/jakarta.annotation-api/1.3.5/jakarta.annotation-api-1.3.5.jar:/Users/sashankasamantray/mavenrepo_local/org/springframework/boot/spring-boot-actuator-autoconfigure/2.6.7/spring-boot-actuator-autoconfigure-2.6.7.jar:/Users/sashankasamantray/mavenrepo_local/org/springframework/boot/spring-boot-actuator/2.6.7/spring-boot-actuator-2.6.7.jar:/Users/sashankasamantray/mavenrepo_local/com/fasterxml/jackson/core/jackson-databind/2.13.2.1/jackson-databind-2.13.2.1.jar:/Users/sashankasamantray/mavenrepo_local/com/fasterxml/jackson/datatype/jackson-datatype-jsr310/2.13.2/jackson-datatype-jsr310-2.13.2.jar:/Users/sashankasamantray/mavenrepo_local/io/micrometer/micrometer-core/1.8.5/micrometer-core-1.8.5.jar:/Users/sashankasamantray/mavenrepo_local/org/hdrhistogram/HdrHistogram/2.1.12/HdrHistogram-2.1.12.jar:/Users/sashankasamantray/mavenrepo_local/org/latencyutils/LatencyUtils/2.0.3/LatencyUtils-2.0.3.jar:/Users/sashankasamantray/mavenrepo_local/org/springframework/cloud/spring-cloud-config-server/3.1.2/spring-cloud-config-server-3.1.2.jar:/Users/sashankasamantray/mavenrepo_local/org/springframework/cloud/spring-cloud-config-client/3.1.2/spring-cloud-config-client-3.1.2.jar:/Users/sashankasamantray/mavenrepo_local/org/springframework/cloud/spring-cloud-commons/3.1.2/spring-cloud-commons-3.1.2.jar:/Users/sashankasamantray/mavenrepo_local/org/springframework/cloud/spring-cloud-context/3.1.2/spring-cloud-context-3.1.2.jar:/Users/sashankasamantray/mavenrepo_local/org/springframework/spring-web/5.3.19/spring-web-5.3.19.jar:/Users/sashankasamantray/mavenrepo_local/org/springframework/spring-beans/5.3.19/spring-beans-5.3.19.jar:/Users/sashankasamantray/mavenrepo_local/com/fasterxml/jackson/core/jackson-annotations/2.13.2/jackson-annotations-2.13.2.jar:/Users/sashankasamantray/mavenrepo_local/org/apache/httpcomponents/httpclient/4.5.13/httpclient-4.5.13.jar:/Users/sashankasamantray/mavenrepo_local/commons-codec/commons-codec/1.15/commons-codec-1.15.jar:/Users/sashankasamantray/mavenrepo_local/org/springframework/boot/spring-boot-starter-web/2.6.7/spring-boot-starter-web-2.6.7.jar:/Users/sashankasamantray/mavenrepo_local/org/springframework/boot/spring-boot-starter-json/2.6.7/spring-boot-starter-json-2.6.7.jar:/Users/sashankasamantray/mavenrepo_local/com/fasterxml/jackson/datatype/jackson-datatype-jdk8/2.13.2/jackson-datatype-jdk8-2.13.2.jar:/Users/sashankasamantray/mavenrepo_local/com/fasterxml/jackson/module/jackson-module-parameter-names/2.13.2/jackson-module-parameter-names-2.13.2.jar:/Users/sashankasamantray/mavenrepo_local/org/springframework/boot/spring-boot-starter-tomcat/2.6.7/spring-boot-starter-tomcat-2.6.7.jar:/Users/sashankasamantray/mavenrepo_local/org/apache/tomcat/embed/tomcat-embed-core/9.0.62/tomcat-embed-core-9.0.62.jar:/Users/sashankasamantray/mavenrepo_local/org/apache/tomcat/embed/tomcat-embed-websocket/9.0.62/tomcat-embed-websocket-9.0.62.jar:/Users/sashankasamantray/mavenrepo_local/org/springframework/spring-webmvc/5.3.19/spring-webmvc-5.3.19.jar:/Users/sashankasamantray/mavenrepo_local/org/springframework/spring-aop/5.3.19/spring-aop-5.3.19.jar:/Users/sashankasamantray/mavenrepo_local/org/springframework/spring-expression/5.3.19/spring-expression-5.3.19.jar:/Users/sashankasamantray/mavenrepo_local/org/springframework/boot/spring-boot-starter-validation/2.6.7/spring-boot-starter-validation-2.6.7.jar:/Users/sashankasamantray/mavenrepo_local/org/apache/tomcat/embed/tomcat-embed-el/9.0.62/tomcat-embed-el-9.0.62.jar:/Users/sashankasamantray/mavenrepo_local/org/hibernate/validator/hibernate-validator/6.2.3.Final/hibernate-validator-6.2.3.Final.jar:/Users/sashankasamantray/mavenrepo_local/jakarta/validation/jakarta.validation-api/2.0.2/jakarta.validation-api-2.0.2.jar:/Users/sashankasamantray/mavenrepo_local/org/jboss/logging/jboss-logging/3.4.3.Final/jboss-logging-3.4.3.Final.jar:/Users/sashankasamantray/mavenrepo_local/com/fasterxml/classmate/1.5.1/classmate-1.5.1.jar:/Users/sashankasamantray/mavenrepo_local/org/springframework/security/spring-security-crypto/5.6.3/spring-security-crypto-5.6.3.jar:/Users/sashankasamantray/mavenrepo_local/org/springframework/security/spring-security-rsa/1.0.10.RELEASE/spring-security-rsa-1.0.10.RELEASE.jar:/Users/sashankasamantray/mavenrepo_local/org/bouncycastle/bcpkix-jdk15on/1.68/bcpkix-jdk15on-1.68.jar:/Users/sashankasamantray/mavenrepo_local/org/bouncycastle/bcprov-jdk15on/1.68/bcprov-jdk15on-1.68.jar:/Users/sashankasamantray/mavenrepo_local/org/eclipse/jgit/org.eclipse.jgit/5.12.0.202106070339-r/org.eclipse.jgit-5.12.0.202106070339-r.jar:/Users/sashankasamantray/mavenrepo_local/com/googlecode/javaewah/JavaEWAH/1.1.7/JavaEWAH-1.1.7.jar:/Users/sashankasamantray/mavenrepo_local/org/slf4j/slf4j-api/1.7.36/slf4j-api-1.7.36.jar:/Users/sashankasamantray/mavenrepo_local/org/eclipse/jgit/org.eclipse.jgit.http.apache/5.12.0.202106070339-r/org.eclipse.jgit.http.apache-5.12.0.202106070339-r.jar:/Users/sashankasamantray/mavenrepo_local/org/apache/httpcomponents/httpcore/4.4.15/httpcore-4.4.15.jar:/Users/sashankasamantray/mavenrepo_local/org/eclipse/jgit/org.eclipse.jgit.ssh.jsch/5.12.0.202106070339-r/org.eclipse.jgit.ssh.jsch-5.12.0.202106070339-r.jar:/Users/sashankasamantray/mavenrepo_local/com/jcraft/jsch/0.1.55/jsch-0.1.55.jar:/Users/sashankasamantray/mavenrepo_local/com/jcraft/jzlib/1.1.1/jzlib-1.1.1.jar:/Users/sashankasamantray/mavenrepo_local/org/yaml/snakeyaml/1.29/snakeyaml-1.29.jar:/Users/sashankasamantray/mavenrepo_local/com/fasterxml/jackson/dataformat/jackson-dataformat-yaml/2.13.2/jackson-dataformat-yaml-2.13.2.jar:/Users/sashankasamantray/mavenrepo_local/com/fasterxml/jackson/core/jackson-core/2.13.2/jackson-core-2.13.2.jar:/Users/sashankasamantray/mavenrepo_local/org/springframework/boot/spring-boot-devtools/2.6.7/spring-boot-devtools-2.6.7.jar:/Users/sashankasamantray/mavenrepo_local/org/springframework/boot/spring-boot/2.6.7/spring-boot-2.6.7.jar:/Users/sashankasamantray/mavenrepo_local/org/springframework/spring-context/5.3.19/spring-context-5.3.19.jar:/Users/sashankasamantray/mavenrepo_local/org/springframework/boot/spring-boot-autoconfigure/2.6.7/spring-boot-autoconfigure-2.6.7.jar:/Users/sashankasamantray/mavenrepo_local/org/projectlombok/lombok/1.18.24/lombok-1.18.24.jar:/Users/sashankasamantray/mavenrepo_local/org/springframework/boot/spring-boot-starter-test/2.6.7/spring-boot-starter-test-2.6.7.jar:/Users/sashankasamantray/mavenrepo_local/org/springframework/boot/spring-boot-test/2.6.7/spring-boot-test-2.6.7.jar:/Users/sashankasamantray/mavenrepo_local/org/springframework/boot/spring-boot-test-autoconfigure/2.6.7/spring-boot-test-autoconfigure-2.6.7.jar:/Users/sashankasamantray/mavenrepo_local/com/jayway/jsonpath/json-path/2.6.0/json-path-2.6.0.jar:/Users/sashankasamantray/mavenrepo_local/net/minidev/json-smart/2.4.8/json-smart-2.4.8.jar:/Users/sashankasamantray/mavenrepo_local/net/minidev/accessors-smart/2.4.8/accessors-smart-2.4.8.jar:/Users/sashankasamantray/mavenrepo_local/org/ow2/asm/asm/9.1/asm-9.1.jar:/Users/sashankasamantray/mavenrepo_local/jakarta/xml/bind/jakarta.xml.bind-api/2.3.3/jakarta.xml.bind-api-2.3.3.jar:/Users/sashankasamantray/mavenrepo_local/jakarta/activation/jakarta.activation-api/1.2.2/jakarta.activation-api-1.2.2.jar:/Users/sashankasamantray/mavenrepo_local/org/assertj/assertj-core/3.21.0/assertj-core-3.21.0.jar:/Users/sashankasamantray/mavenrepo_local/org/hamcrest/hamcrest/2.2/hamcrest-2.2.jar:/Users/sashankasamantray/mavenrepo_local/org/junit/jupiter/junit-jupiter/5.8.2/junit-jupiter-5.8.2.jar:/Users/sashankasamantray/mavenrepo_local/org/junit/jupiter/junit-jupiter-api/5.8.2/junit-jupiter-api-5.8.2.jar:/Users/sashankasamantray/mavenrepo_local/org/opentest4j/opentest4j/1.2.0/opentest4j-1.2.0.jar:/Users/sashankasamantray/mavenrepo_local/org/junit/platform/junit-platform-commons/1.8.2/junit-platform-commons-1.8.2.jar:/Users/sashankasamantray/mavenrepo_local/org/apiguardian/apiguardian-api/1.1.2/apiguardian-api-1.1.2.jar:/Users/sashankasamantray/mavenrepo_local/org/junit/jupiter/junit-jupiter-params/5.8.2/junit-jupiter-params-5.8.2.jar:/Users/sashankasamantray/mavenrepo_local/org/junit/jupiter/junit-jupiter-engine/5.8.2/junit-jupiter-engine-5.8.2.jar:/Users/sashankasamantray/mavenrepo_local/org/junit/platform/junit-platform-engine/1.8.2/junit-platform-engine-1.8.2.jar:/Users/sashankasamantray/mavenrepo_local/org/mockito/mockito-core/4.0.0/mockito-core-4.0.0.jar:/Users/sashankasamantray/mavenrepo_local/net/bytebuddy/byte-buddy/1.11.22/byte-buddy-1.11.22.jar:/Users/sashankasamantray/mavenrepo_local/net/bytebuddy/byte-buddy-agent/1.11.22/byte-buddy-agent-1.11.22.jar:/Users/sashankasamantray/mavenrepo_local/org/objenesis/objenesis/3.2/objenesis-3.2.jar:/Users/sashankasamantray/mavenrepo_local/org/mockito/mockito-junit-jupiter/4.0.0/mockito-junit-jupiter-4.0.0.jar:/Users/sashankasamantray/mavenrepo_local/org/skyscreamer/jsonassert/1.5.0/jsonassert-1.5.0.jar:/Users/sashankasamantray/mavenrepo_local/com/vaadin/external/google/android-json/0.0.20131108.vaadin1/android-json-0.0.20131108.vaadin1.jar:/Users/sashankasamantray/mavenrepo_local/org/springframework/spring-core/5.3.19/spring-core-5.3.19.jar:/Users/sashankasamantray/mavenrepo_local/org/springframework/spring-jcl/5.3.19/spring-jcl-5.3.19.jar:/Users/sashankasamantray/mavenrepo_local/org/springframework/spring-test/5.3.19/spring-test-5.3.19.jar:/Users/sashankasamantray/mavenrepo_local/org/xmlunit/xmlunit-core/2.8.4/xmlunit-core-2.8.4.jar:"/>
    <property name="sun.cpu.endian" value="little"/>
    <property name="user.home" value="/Users/sashankasamantray"/>
    <property name="user.language" value="en"/>
    <property name="java.specification.vendor" value="Oracle Corporation"/>
    <property name="java.version.date" value="2019-10-15"/>
    <property name="java.home" value="/Library/Java/JavaVirtualMachines/jdk-11.0.5.jdk/Contents/Home"/>
    <property name="file.separator" value="/"/>
    <property name="basedir" value="/Users/sashankasamantray/my_projects/backend/spring-cloud-config/cloudconfig/config-server"/>
    <property name="java.vm.compressedOopsMode" value="Zero based"/>
    <property name="line.separator" value="&#10;"/>
    <property name="java.specification.name" value="Java Platform API Specification"/>
    <property name="java.vm.specification.vendor" value="Oracle Corporation"/>
    <property name="java.awt.graphicsenv" value="sun.awt.CGraphicsEnvironment"/>
    <property name="surefire.real.class.path" value="/Users/sashankasamantray/my_projects/backend/spring-cloud-config/cloudconfig/config-server/target/surefire/surefirebooter6694490980994617157.jar"/>
    <property name="sun.management.compiler" value="HotSpot 64-Bit Tiered Compilers"/>
    <property name="ftp.nonProxyHosts" value="local|*.local|169.254/16|*.169.254/16"/>
    <property name="java.runtime.version" value="11.0.5+10-LTS"/>
    <property name="user.name" value="sashankasamantray"/>
    <property name="path.separator" value=":"/>
    <property name="os.version" value="10.16"/>
    <property name="java.runtime.name" value="Java(TM) SE Runtime Environment"/>
    <property name="file.encoding" value="UTF-8"/>
    <property name="java.vm.name" value="Java HotSpot(TM) 64-Bit Server VM"/>
    <property name="java.vendor.version" value="18.9"/>
    <property name="localRepository" value="/Users/sashankasamantray/mavenrepo_local"/>
    <property name="java.vendor.url.bug" value="http://bugreport.java.com/bugreport/"/>
    <property name="java.io.tmpdir" value="/var/folders/g2/0xj87nls1kl50m1y6k5_23380000gn/T/"/>
    <property name="java.version" value="11.0.5"/>
    <property name="user.dir" value="/Users/sashankasamantray/my_projects/backend/spring-cloud-config/cloudconfig/config-server"/>
    <property name="os.arch" value="x86_64"/>
    <property name="java.vm.specification.name" value="Java Virtual Machine Specification"/>
    <property name="java.awt.printerjob" value="sun.lwawt.macosx.CPrinterJob"/>
    <property name="sun.os.patch.level" value="unknown"/>
    <property name="java.library.path" value="/Users/sashankasamantray/Library/Java/Extensions:/Library/Java/Extensions:/Network/Library/Java/Extensions:/System/Library/Java/Extensions:/usr/lib/java:."/>
    <property name="java.vendor" value="Oracle Corporation"/>
    <property name="java.vm.info" value="mixed mode"/>
    <property name="java.vm.version" value="11.0.5+10-LTS"/>
    <property name="sun.io.unicode.encoding" value="UnicodeBig"/>
    <property name="java.class.version" value="55.0"/>
    <property name="socksNonProxyHosts" value="local|*.local|169.254/16|*.169.254/16"/>
  </properties>
  <testcase name="contextLoads" classname="com.cloud.cloudconfig.ConfigServerApplicationTests" time="0.327"/>
</testsuite>